2022-03-11 11:23:35,407 INFO org.hibernate.validator.internal.util.Version [background-preinit] []: HV000001: Hibernate Validator 6.2.0.Final
2022-03-11 11:23:35,409 INFO org.springframework.boot.StartupInfoLogger [restartedMain] []: Starting QuizServiceApplication using Java 11.0.11 on LAPTOP-BP05I3UL with PID 10996 (C:\Users\hieu0\OneDrive\Máy tính\quiz-service\quiz-service\target\classes started by hieu0 in C:\Users\hieu0\OneDrive\Máy tính\quiz-service\quiz-service)
2022-03-11 11:23:35,415 INFO org.springframework.boot.SpringApplication [restartedMain] []: No active profile set, falling back to default profiles: default
2022-03-11 11:23:35,463 INFO org.springframework.boot.logging.DeferredLog [restartedMain] []: Devtools property defaults active! Set 'spring.devtools.add-properties' to 'false' to disable
2022-03-11 11:23:35,463 INFO org.springframework.boot.logging.DeferredLog [restartedMain] []: For additional web related logging consider setting the 'logging.level.web' property to 'DEBUG'
2022-03-11 11:23:36,596 INFO org.springframework.data.repository.config.RepositoryConfigurationDelegate [restartedMain] []: Bootstrapping Spring Data JPA repositories in DEFAULT mode.
2022-03-11 11:23:36,680 INFO org.springframework.data.repository.config.RepositoryConfigurationDelegate [restartedMain] []: Finished Spring Data repository scanning in 72 ms. Found 7 JPA repository interfaces.
2022-03-11 11:23:38,185 INFO org.springframework.boot.web.embedded.tomcat.TomcatWebServer [restartedMain] []: Tomcat initialized with port(s): 8080 (http)
2022-03-11 11:23:38,204 INFO org.apache.juli.logging.DirectJDKLog [restartedMain] []: Initializing ProtocolHandler ["http-nio-8080"]
2022-03-11 11:23:38,205 INFO org.apache.juli.logging.DirectJDKLog [restartedMain] []: Starting service [Tomcat]
2022-03-11 11:23:38,206 INFO org.apache.juli.logging.DirectJDKLog [restartedMain] []: Starting Servlet engine: [Apache Tomcat/9.0.54]
2022-03-11 11:23:38,379 INFO org.apache.juli.logging.DirectJDKLog [restartedMain] []: Initializing Spring embedded WebApplicationContext
2022-03-11 11:23:38,379 INFO org.springframework.boot.web.servlet.context.ServletWebServerApplicationContext [restartedMain] []: Root WebApplicationContext: initialization completed in 2915 ms
2022-03-11 11:23:38,631 INFO org.hibernate.jpa.internal.util.LogHelper [restartedMain] []: HHH000204: Processing PersistenceUnitInfo [name: default]
2022-03-11 11:23:38,725 INFO org.hibernate.Version [restartedMain] []: HHH000412: Hibernate ORM core version 5.4.32.Final
2022-03-11 11:23:38,969 INFO org.hibernate.annotations.common.reflection.java.JavaReflectionManager [restartedMain] []: HCANN000001: Hibernate Commons Annotations {5.1.2.Final}
2022-03-11 11:23:39,165 INFO com.zaxxer.hikari.HikariDataSource [restartedMain] []: HikariPool-1 - Starting...
2022-03-11 11:23:39,468 INFO com.zaxxer.hikari.HikariDataSource [restartedMain] []: HikariPool-1 - Start completed.
2022-03-11 11:23:39,502 INFO org.hibernate.dialect.Dialect [restartedMain] []: HHH000400: Using dialect: org.hibernate.dialect.PostgreSQLDialect
2022-03-11 11:23:41,539 INFO org.hibernate.engine.transaction.jta.platform.internal.JtaPlatformInitiator [restartedMain] []: HHH000490: Using JtaPlatform implementation: [org.hibernate.engine.transaction.jta.platform.internal.NoJtaPlatform]
2022-03-11 11:23:41,550 INFO org.springframework.orm.jpa.AbstractEntityManagerFactoryBean [restartedMain] []: Initialized JPA EntityManagerFactory for persistence unit 'default'
2022-03-11 11:23:42,800 WARN org.springframework.boot.autoconfigure.orm.jpa.JpaBaseConfiguration$JpaWebConfiguration [restartedMain] []: spring.jpa.open-in-view is enabled by default. Therefore, database queries may be performed during view rendering. Explicitly configure spring.jpa.open-in-view to disable this warning
2022-03-11 11:23:42,950 INFO springfox.documentation.spring.web.PropertySourcedRequestMappingHandlerMapping [restartedMain] []: Mapped URL path [/v2/api-docs] onto method [springfox.documentation.swagger2.web.Swagger2Controller#getDocumentation(String, HttpServletRequest)]
2022-03-11 11:23:43,084 INFO org.springframework.boot.devtools.autoconfigure.OptionalLiveReloadServer [restartedMain] []: LiveReload server is running on port 35729
2022-03-11 11:23:43,309 INFO org.apache.juli.logging.DirectJDKLog [restartedMain] []: Starting ProtocolHandler ["http-nio-8080"]
2022-03-11 11:23:43,334 INFO org.springframework.boot.web.embedded.tomcat.TomcatWebServer [restartedMain] []: Tomcat started on port(s): 8080 (http) with context path ''
2022-03-11 11:23:43,335 INFO springfox.documentation.spring.web.plugins.DocumentationPluginsBootstrapper [restartedMain] []: Context refreshed
2022-03-11 11:23:43,354 INFO springfox.documentation.spring.web.plugins.DocumentationPluginsBootstrapper [restartedMain] []: Found 1 custom documentation plugin(s)
2022-03-11 11:23:43,378 INFO springfox.documentation.spring.web.scanners.ApiListingReferenceScanner [restartedMain] []: Scanning for api listing references
2022-03-11 11:23:43,542 INFO springfox.documentation.spring.web.readers.operation.CachingOperationNameGenerator [restartedMain] []: Generating unique operation named: createCategoryUsingPOST_1
2022-03-11 11:23:43,792 INFO org.springframework.boot.StartupInfoLogger [restartedMain] []: Started QuizServiceApplication in 8.986 seconds (JVM running for 9.986)
2022-03-11 11:25:08,213 INFO org.apache.juli.logging.DirectJDKLog [http-nio-8080-exec-1] []: Initializing Spring DispatcherServlet 'dispatcherServlet'
2022-03-11 11:25:08,213 INFO org.springframework.web.servlet.FrameworkServlet [http-nio-8080-exec-1] []: Initializing Servlet 'dispatcherServlet'
2022-03-11 11:25:08,216 INFO org.springframework.web.servlet.FrameworkServlet [http-nio-8080-exec-1] []: Completed initialization in 2 ms
2022-03-11 11:25:08,302 INFO com.quiz.service.QuesTionService [http-nio-8080-exec-1] []: Receive id to block Question
2022-03-11 11:25:19,547 INFO org.springframework.orm.jpa.AbstractEntityManagerFactoryBean [SpringApplicationShutdownHook] []: Closing JPA EntityManagerFactory for persistence unit 'default'
2022-03-11 11:25:19,550 INFO com.zaxxer.hikari.HikariDataSource [SpringApplicationShutdownHook] []: HikariPool-1 - Shutdown initiated...
2022-03-11 11:25:19,558 INFO com.zaxxer.hikari.HikariDataSource [SpringApplicationShutdownHook] []: HikariPool-1 - Shutdown completed.
2022-03-11 11:26:30,384 INFO org.springframework.boot.StartupInfoLogger [restartedMain] []: Starting QuizServiceApplication using Java 11.0.11 on LAPTOP-BP05I3UL with PID 6976 (C:\Users\hieu0\OneDrive\Máy tính\quiz-service\quiz-service\target\classes started by hieu0 in C:\Users\hieu0\OneDrive\Máy tính\quiz-service\quiz-service)
2022-03-11 11:26:30,384 INFO org.hibernate.validator.internal.util.Version [background-preinit] []: HV000001: Hibernate Validator 6.2.0.Final
2022-03-11 11:26:30,388 INFO org.springframework.boot.SpringApplication [restartedMain] []: No active profile set, falling back to default profiles: default
2022-03-11 11:26:30,453 INFO org.springframework.boot.logging.DeferredLog [restartedMain] []: Devtools property defaults active! Set 'spring.devtools.add-properties' to 'false' to disable
2022-03-11 11:26:30,453 INFO org.springframework.boot.logging.DeferredLog [restartedMain] []: For additional web related logging consider setting the 'logging.level.web' property to 'DEBUG'
2022-03-11 11:26:31,540 INFO org.springframework.data.repository.config.RepositoryConfigurationDelegate [restartedMain] []: Bootstrapping Spring Data JPA repositories in DEFAULT mode.
2022-03-11 11:26:31,635 INFO org.springframework.data.repository.config.RepositoryConfigurationDelegate [restartedMain] []: Finished Spring Data repository scanning in 84 ms. Found 7 JPA repository interfaces.
2022-03-11 11:26:32,680 INFO org.springframework.boot.web.embedded.tomcat.TomcatWebServer [restartedMain] []: Tomcat initialized with port(s): 8080 (http)
2022-03-11 11:26:32,695 INFO org.apache.juli.logging.DirectJDKLog [restartedMain] []: Initializing ProtocolHandler ["http-nio-8080"]
2022-03-11 11:26:32,695 INFO org.apache.juli.logging.DirectJDKLog [restartedMain] []: Starting service [Tomcat]
2022-03-11 11:26:32,696 INFO org.apache.juli.logging.DirectJDKLog [restartedMain] []: Starting Servlet engine: [Apache Tomcat/9.0.54]
2022-03-11 11:26:32,804 INFO org.apache.juli.logging.DirectJDKLog [restartedMain] []: Initializing Spring embedded WebApplicationContext
2022-03-11 11:26:32,805 INFO org.springframework.boot.web.servlet.context.ServletWebServerApplicationContext [restartedMain] []: Root WebApplicationContext: initialization completed in 2351 ms
2022-03-11 11:26:32,992 INFO org.hibernate.jpa.internal.util.LogHelper [restartedMain] []: HHH000204: Processing PersistenceUnitInfo [name: default]
2022-03-11 11:26:33,058 INFO org.hibernate.Version [restartedMain] []: HHH000412: Hibernate ORM core version 5.4.32.Final
2022-03-11 11:26:33,242 INFO org.hibernate.annotations.common.reflection.java.JavaReflectionManager [restartedMain] []: HCANN000001: Hibernate Commons Annotations {5.1.2.Final}
2022-03-11 11:26:33,377 INFO com.zaxxer.hikari.HikariDataSource [restartedMain] []: HikariPool-1 - Starting...
2022-03-11 11:26:33,586 INFO com.zaxxer.hikari.HikariDataSource [restartedMain] []: HikariPool-1 - Start completed.
2022-03-11 11:26:33,608 INFO org.hibernate.dialect.Dialect [restartedMain] []: HHH000400: Using dialect: org.hibernate.dialect.PostgreSQLDialect
2022-03-11 11:26:35,173 INFO org.hibernate.engine.transaction.jta.platform.internal.JtaPlatformInitiator [restartedMain] []: HHH000490: Using JtaPlatform implementation: [org.hibernate.engine.transaction.jta.platform.internal.NoJtaPlatform]
2022-03-11 11:26:35,184 INFO org.springframework.orm.jpa.AbstractEntityManagerFactoryBean [restartedMain] []: Initialized JPA EntityManagerFactory for persistence unit 'default'
2022-03-11 11:26:36,016 WARN org.springframework.boot.autoconfigure.orm.jpa.JpaBaseConfiguration$JpaWebConfiguration [restartedMain] []: spring.jpa.open-in-view is enabled by default. Therefore, database queries may be performed during view rendering. Explicitly configure spring.jpa.open-in-view to disable this warning
2022-03-11 11:26:36,165 INFO springfox.documentation.spring.web.PropertySourcedRequestMappingHandlerMapping [restartedMain] []: Mapped URL path [/v2/api-docs] onto method [springfox.documentation.swagger2.web.Swagger2Controller#getDocumentation(String, HttpServletRequest)]
2022-03-11 11:26:36,298 INFO org.springframework.boot.devtools.autoconfigure.OptionalLiveReloadServer [restartedMain] []: LiveReload server is running on port 35729
2022-03-11 11:26:36,495 INFO org.apache.juli.logging.DirectJDKLog [restartedMain] []: Starting ProtocolHandler ["http-nio-8080"]
2022-03-11 11:26:36,521 INFO org.springframework.boot.web.embedded.tomcat.TomcatWebServer [restartedMain] []: Tomcat started on port(s): 8080 (http) with context path ''
2022-03-11 11:26:36,522 INFO springfox.documentation.spring.web.plugins.DocumentationPluginsBootstrapper [restartedMain] []: Context refreshed
2022-03-11 11:26:36,544 INFO springfox.documentation.spring.web.plugins.DocumentationPluginsBootstrapper [restartedMain] []: Found 1 custom documentation plugin(s)
2022-03-11 11:26:36,571 INFO springfox.documentation.spring.web.scanners.ApiListingReferenceScanner [restartedMain] []: Scanning for api listing references
2022-03-11 11:26:36,729 INFO springfox.documentation.spring.web.readers.operation.CachingOperationNameGenerator [restartedMain] []: Generating unique operation named: createCategoryUsingPOST_1
2022-03-11 11:26:36,972 INFO org.springframework.boot.StartupInfoLogger [restartedMain] []: Started QuizServiceApplication in 7.199 seconds (JVM running for 8.103)
2022-03-11 11:26:47,350 INFO org.springframework.orm.jpa.AbstractEntityManagerFactoryBean [SpringApplicationShutdownHook] []: Closing JPA EntityManagerFactory for persistence unit 'default'
2022-03-11 11:26:47,354 INFO com.zaxxer.hikari.HikariDataSource [SpringApplicationShutdownHook] []: HikariPool-1 - Shutdown initiated...
2022-03-11 11:26:47,360 INFO com.zaxxer.hikari.HikariDataSource [SpringApplicationShutdownHook] []: HikariPool-1 - Shutdown completed.
2022-03-11 11:26:52,477 INFO org.springframework.boot.StartupInfoLogger [restartedMain] []: Starting QuizServiceApplication using Java 11.0.11 on LAPTOP-BP05I3UL with PID 14004 (C:\Users\hieu0\OneDrive\Máy tính\quiz-service\quiz-service\target\classes started by hieu0 in C:\Users\hieu0\OneDrive\Máy tính\quiz-service\quiz-service)
2022-03-11 11:26:52,479 INFO org.hibernate.validator.internal.util.Version [background-preinit] []: HV000001: Hibernate Validator 6.2.0.Final
2022-03-11 11:26:52,481 INFO org.springframework.boot.SpringApplication [restartedMain] []: No active profile set, falling back to default profiles: default
2022-03-11 11:26:52,558 INFO org.springframework.boot.logging.DeferredLog [restartedMain] []: Devtools property defaults active! Set 'spring.devtools.add-properties' to 'false' to disable
2022-03-11 11:26:52,558 INFO org.springframework.boot.logging.DeferredLog [restartedMain] []: For additional web related logging consider setting the 'logging.level.web' property to 'DEBUG'
2022-03-11 11:26:53,569 INFO org.springframework.data.repository.config.RepositoryConfigurationDelegate [restartedMain] []: Bootstrapping Spring Data JPA repositories in DEFAULT mode.
2022-03-11 11:26:53,667 INFO org.springframework.data.repository.config.RepositoryConfigurationDelegate [restartedMain] []: Finished Spring Data repository scanning in 86 ms. Found 7 JPA repository interfaces.
2022-03-11 11:26:54,626 INFO org.springframework.boot.web.embedded.tomcat.TomcatWebServer [restartedMain] []: Tomcat initialized with port(s): 8080 (http)
2022-03-11 11:26:54,637 INFO org.apache.juli.logging.DirectJDKLog [restartedMain] []: Initializing ProtocolHandler ["http-nio-8080"]
2022-03-11 11:26:54,637 INFO org.apache.juli.logging.DirectJDKLog [restartedMain] []: Starting service [Tomcat]
2022-03-11 11:26:54,637 INFO org.apache.juli.logging.DirectJDKLog [restartedMain] []: Starting Servlet engine: [Apache Tomcat/9.0.54]
2022-03-11 11:26:54,752 INFO org.apache.juli.logging.DirectJDKLog [restartedMain] []: Initializing Spring embedded WebApplicationContext
2022-03-11 11:26:54,752 INFO org.springframework.boot.web.servlet.context.ServletWebServerApplicationContext [restartedMain] []: Root WebApplicationContext: initialization completed in 2193 ms
2022-03-11 11:26:54,962 INFO org.hibernate.jpa.internal.util.LogHelper [restartedMain] []: HHH000204: Processing PersistenceUnitInfo [name: default]
2022-03-11 11:26:55,019 INFO org.hibernate.Version [restartedMain] []: HHH000412: Hibernate ORM core version 5.4.32.Final
2022-03-11 11:26:55,167 INFO org.hibernate.annotations.common.reflection.java.JavaReflectionManager [restartedMain] []: HCANN000001: Hibernate Commons Annotations {5.1.2.Final}
2022-03-11 11:26:55,294 INFO com.zaxxer.hikari.HikariDataSource [restartedMain] []: HikariPool-1 - Starting...
2022-03-11 11:26:55,482 INFO com.zaxxer.hikari.HikariDataSource [restartedMain] []: HikariPool-1 - Start completed.
2022-03-11 11:26:55,502 INFO org.hibernate.dialect.Dialect [restartedMain] []: HHH000400: Using dialect: org.hibernate.dialect.PostgreSQLDialect
2022-03-11 11:26:56,984 INFO org.hibernate.engine.transaction.jta.platform.internal.JtaPlatformInitiator [restartedMain] []: HHH000490: Using JtaPlatform implementation: [org.hibernate.engine.transaction.jta.platform.internal.NoJtaPlatform]
2022-03-11 11:26:56,992 INFO org.springframework.orm.jpa.AbstractEntityManagerFactoryBean [restartedMain] []: Initialized JPA EntityManagerFactory for persistence unit 'default'
2022-03-11 11:26:57,838 WARN org.springframework.boot.autoconfigure.orm.jpa.JpaBaseConfiguration$JpaWebConfiguration [restartedMain] []: spring.jpa.open-in-view is enabled by default. Therefore, database queries may be performed during view rendering. Explicitly configure spring.jpa.open-in-view to disable this warning
2022-03-11 11:26:57,995 INFO springfox.documentation.spring.web.PropertySourcedRequestMappingHandlerMapping [restartedMain] []: Mapped URL path [/v2/api-docs] onto method [springfox.documentation.swagger2.web.Swagger2Controller#getDocumentation(String, HttpServletRequest)]
2022-03-11 11:26:58,128 INFO org.springframework.boot.devtools.autoconfigure.OptionalLiveReloadServer [restartedMain] []: LiveReload server is running on port 35729
2022-03-11 11:26:58,306 INFO org.apache.juli.logging.DirectJDKLog [restartedMain] []: Starting ProtocolHandler ["http-nio-8080"]
2022-03-11 11:26:58,326 INFO org.springframework.boot.web.embedded.tomcat.TomcatWebServer [restartedMain] []: Tomcat started on port(s): 8080 (http) with context path ''
2022-03-11 11:26:58,327 INFO springfox.documentation.spring.web.plugins.DocumentationPluginsBootstrapper [restartedMain] []: Context refreshed
2022-03-11 11:26:58,345 INFO springfox.documentation.spring.web.plugins.DocumentationPluginsBootstrapper [restartedMain] []: Found 1 custom documentation plugin(s)
2022-03-11 11:26:58,368 INFO springfox.documentation.spring.web.scanners.ApiListingReferenceScanner [restartedMain] []: Scanning for api listing references
2022-03-11 11:26:58,510 INFO springfox.documentation.spring.web.readers.operation.CachingOperationNameGenerator [restartedMain] []: Generating unique operation named: createCategoryUsingPOST_1
2022-03-11 11:26:58,743 INFO org.springframework.boot.StartupInfoLogger [restartedMain] []: Started QuizServiceApplication in 6.799 seconds (JVM running for 7.647)
2022-03-11 11:27:03,095 INFO org.apache.juli.logging.DirectJDKLog [http-nio-8080-exec-1] []: Initializing Spring DispatcherServlet 'dispatcherServlet'
2022-03-11 11:27:03,096 INFO org.springframework.web.servlet.FrameworkServlet [http-nio-8080-exec-1] []: Initializing Servlet 'dispatcherServlet'
2022-03-11 11:27:03,097 INFO org.springframework.web.servlet.FrameworkServlet [http-nio-8080-exec-1] []: Completed initialization in 1 ms
2022-03-11 11:27:03,174 INFO com.quiz.service.QuesTionService [http-nio-8080-exec-1] []: Receive id to open Question
2022-03-11 11:27:14,712 INFO org.springframework.orm.jpa.AbstractEntityManagerFactoryBean [SpringApplicationShutdownHook] []: Closing JPA EntityManagerFactory for persistence unit 'default'
2022-03-11 11:27:14,716 INFO com.zaxxer.hikari.HikariDataSource [SpringApplicationShutdownHook] []: HikariPool-1 - Shutdown initiated...
2022-03-11 11:27:14,724 INFO com.zaxxer.hikari.HikariDataSource [SpringApplicationShutdownHook] []: HikariPool-1 - Shutdown completed.
2022-03-11 13:41:32,921 INFO org.springframework.boot.StartupInfoLogger [restartedMain] []: Starting QuizServiceApplication using Java 11.0.11 on LAPTOP-BP05I3UL with PID 2580 (C:\Users\hieu0\OneDrive\Máy tính\quiz-service\quiz-service\target\classes started by hieu0 in C:\Users\hieu0\OneDrive\Máy tính\quiz-service\quiz-service)
2022-03-11 13:41:32,924 INFO org.springframework.boot.SpringApplication [restartedMain] []: No active profile set, falling back to default profiles: default
2022-03-11 13:41:32,923 INFO org.hibernate.validator.internal.util.Version [background-preinit] []: HV000001: Hibernate Validator 6.2.0.Final
2022-03-11 13:41:32,977 INFO org.springframework.boot.logging.DeferredLog [restartedMain] []: Devtools property defaults active! Set 'spring.devtools.add-properties' to 'false' to disable
2022-03-11 13:41:32,978 INFO org.springframework.boot.logging.DeferredLog [restartedMain] []: For additional web related logging consider setting the 'logging.level.web' property to 'DEBUG'
2022-03-11 13:41:33,963 INFO org.springframework.data.repository.config.RepositoryConfigurationDelegate [restartedMain] []: Bootstrapping Spring Data JPA repositories in DEFAULT mode.
2022-03-11 13:41:34,063 INFO org.springframework.data.repository.config.RepositoryConfigurationDelegate [restartedMain] []: Finished Spring Data repository scanning in 86 ms. Found 7 JPA repository interfaces.
2022-03-11 13:41:35,030 INFO org.springframework.boot.web.embedded.tomcat.TomcatWebServer [restartedMain] []: Tomcat initialized with port(s): 8080 (http)
2022-03-11 13:41:35,044 INFO org.apache.juli.logging.DirectJDKLog [restartedMain] []: Initializing ProtocolHandler ["http-nio-8080"]
2022-03-11 13:41:35,044 INFO org.apache.juli.logging.DirectJDKLog [restartedMain] []: Starting service [Tomcat]
2022-03-11 13:41:35,045 INFO org.apache.juli.logging.DirectJDKLog [restartedMain] []: Starting Servlet engine: [Apache Tomcat/9.0.54]
2022-03-11 13:41:35,171 INFO org.apache.juli.logging.DirectJDKLog [restartedMain] []: Initializing Spring embedded WebApplicationContext
2022-03-11 13:41:35,172 INFO org.springframework.boot.web.servlet.context.ServletWebServerApplicationContext [restartedMain] []: Root WebApplicationContext: initialization completed in 2194 ms
2022-03-11 13:41:35,380 INFO org.hibernate.jpa.internal.util.LogHelper [restartedMain] []: HHH000204: Processing PersistenceUnitInfo [name: default]
2022-03-11 13:41:35,464 INFO org.hibernate.Version [restartedMain] []: HHH000412: Hibernate ORM core version 5.4.32.Final
2022-03-11 13:41:35,628 INFO org.hibernate.annotations.common.reflection.java.JavaReflectionManager [restartedMain] []: HCANN000001: Hibernate Commons Annotations {5.1.2.Final}
2022-03-11 13:41:35,747 INFO com.zaxxer.hikari.HikariDataSource [restartedMain] []: HikariPool-1 - Starting...
2022-03-11 13:41:35,968 INFO com.zaxxer.hikari.HikariDataSource [restartedMain] []: HikariPool-1 - Start completed.
2022-03-11 13:41:35,989 INFO org.hibernate.dialect.Dialect [restartedMain] []: HHH000400: Using dialect: org.hibernate.dialect.PostgreSQLDialect
2022-03-11 13:41:37,660 INFO org.hibernate.engine.transaction.jta.platform.internal.JtaPlatformInitiator [restartedMain] []: HHH000490: Using JtaPlatform implementation: [org.hibernate.engine.transaction.jta.platform.internal.NoJtaPlatform]
2022-03-11 13:41:37,668 INFO org.springframework.orm.jpa.AbstractEntityManagerFactoryBean [restartedMain] []: Initialized JPA EntityManagerFactory for persistence unit 'default'
2022-03-11 13:41:38,565 WARN org.springframework.boot.autoconfigure.orm.jpa.JpaBaseConfiguration$JpaWebConfiguration [restartedMain] []: spring.jpa.open-in-view is enabled by default. Therefore, database queries may be performed during view rendering. Explicitly configure spring.jpa.open-in-view to disable this warning
2022-03-11 13:41:38,739 INFO springfox.documentation.spring.web.PropertySourcedRequestMappingHandlerMapping [restartedMain] []: Mapped URL path [/v2/api-docs] onto method [springfox.documentation.swagger2.web.Swagger2Controller#getDocumentation(String, HttpServletRequest)]
2022-03-11 13:41:38,887 INFO org.springframework.boot.devtools.autoconfigure.OptionalLiveReloadServer [restartedMain] []: LiveReload server is running on port 35729
2022-03-11 13:41:39,076 INFO org.apache.juli.logging.DirectJDKLog [restartedMain] []: Starting ProtocolHandler ["http-nio-8080"]
2022-03-11 13:41:39,098 INFO org.springframework.boot.web.embedded.tomcat.TomcatWebServer [restartedMain] []: Tomcat started on port(s): 8080 (http) with context path ''
2022-03-11 13:41:39,100 INFO springfox.documentation.spring.web.plugins.DocumentationPluginsBootstrapper [restartedMain] []: Context refreshed
2022-03-11 13:41:39,123 INFO springfox.documentation.spring.web.plugins.DocumentationPluginsBootstrapper [restartedMain] []: Found 1 custom documentation plugin(s)
2022-03-11 13:41:39,151 INFO springfox.documentation.spring.web.scanners.ApiListingReferenceScanner [restartedMain] []: Scanning for api listing references
2022-03-11 13:41:39,325 INFO springfox.documentation.spring.web.readers.operation.CachingOperationNameGenerator [restartedMain] []: Generating unique operation named: createCategoryUsingPOST_1
2022-03-11 13:41:39,656 INFO org.springframework.boot.StartupInfoLogger [restartedMain] []: Started QuizServiceApplication in 7.253 seconds (JVM running for 8.215)
2022-03-11 13:44:03,082 INFO org.springframework.orm.jpa.AbstractEntityManagerFactoryBean [SpringApplicationShutdownHook] []: Closing JPA EntityManagerFactory for persistence unit 'default'
2022-03-11 13:44:03,086 INFO com.zaxxer.hikari.HikariDataSource [SpringApplicationShutdownHook] []: HikariPool-1 - Shutdown initiated...
2022-03-11 13:44:03,092 INFO com.zaxxer.hikari.HikariDataSource [SpringApplicationShutdownHook] []: HikariPool-1 - Shutdown completed.
2022-03-11 13:48:34,839 INFO org.springframework.boot.StartupInfoLogger [restartedMain] []: Starting QuizServiceApplication using Java 11.0.11 on LAPTOP-BP05I3UL with PID 16864 (C:\Users\hieu0\OneDrive\Máy tính\quiz-service\quiz-service\target\classes started by hieu0 in C:\Users\hieu0\OneDrive\Máy tính\quiz-service\quiz-service)
2022-03-11 13:48:34,843 INFO org.springframework.boot.SpringApplication [restartedMain] []: No active profile set, falling back to default profiles: default
2022-03-11 13:48:34,844 INFO org.hibernate.validator.internal.util.Version [background-preinit] []: HV000001: Hibernate Validator 6.2.0.Final
2022-03-11 13:48:34,907 INFO org.springframework.boot.logging.DeferredLog [restartedMain] []: Devtools property defaults active! Set 'spring.devtools.add-properties' to 'false' to disable
2022-03-11 13:48:34,907 INFO org.springframework.boot.logging.DeferredLog [restartedMain] []: For additional web related logging consider setting the 'logging.level.web' property to 'DEBUG'
2022-03-11 13:48:35,935 INFO org.springframework.data.repository.config.RepositoryConfigurationDelegate [restartedMain] []: Bootstrapping Spring Data JPA repositories in DEFAULT mode.
2022-03-11 13:48:36,046 INFO org.springframework.data.repository.config.RepositoryConfigurationDelegate [restartedMain] []: Finished Spring Data repository scanning in 97 ms. Found 7 JPA repository interfaces.
2022-03-11 13:48:37,200 INFO org.springframework.boot.web.embedded.tomcat.TomcatWebServer [restartedMain] []: Tomcat initialized with port(s): 8080 (http)
2022-03-11 13:48:37,216 INFO org.apache.juli.logging.DirectJDKLog [restartedMain] []: Initializing ProtocolHandler ["http-nio-8080"]
2022-03-11 13:48:37,217 INFO org.apache.juli.logging.DirectJDKLog [restartedMain] []: Starting service [Tomcat]
2022-03-11 13:48:37,218 INFO org.apache.juli.logging.DirectJDKLog [restartedMain] []: Starting Servlet engine: [Apache Tomcat/9.0.54]
2022-03-11 13:48:37,356 INFO org.apache.juli.logging.DirectJDKLog [restartedMain] []: Initializing Spring embedded WebApplicationContext
2022-03-11 13:48:37,357 INFO org.springframework.boot.web.servlet.context.ServletWebServerApplicationContext [restartedMain] []: Root WebApplicationContext: initialization completed in 2449 ms
2022-03-11 13:48:37,566 INFO org.hibernate.jpa.internal.util.LogHelper [restartedMain] []: HHH000204: Processing PersistenceUnitInfo [name: default]
2022-03-11 13:48:37,629 INFO org.hibernate.Version [restartedMain] []: HHH000412: Hibernate ORM core version 5.4.32.Final
2022-03-11 13:48:37,792 INFO org.hibernate.annotations.common.reflection.java.JavaReflectionManager [restartedMain] []: HCANN000001: Hibernate Commons Annotations {5.1.2.Final}
2022-03-11 13:48:37,927 INFO com.zaxxer.hikari.HikariDataSource [restartedMain] []: HikariPool-1 - Starting...
2022-03-11 13:48:38,126 INFO com.zaxxer.hikari.HikariDataSource [restartedMain] []: HikariPool-1 - Start completed.
2022-03-11 13:48:38,147 INFO org.hibernate.dialect.Dialect [restartedMain] []: HHH000400: Using dialect: org.hibernate.dialect.PostgreSQLDialect
2022-03-11 13:48:40,474 INFO org.hibernate.engine.transaction.jta.platform.internal.JtaPlatformInitiator [restartedMain] []: HHH000490: Using JtaPlatform implementation: [org.hibernate.engine.transaction.jta.platform.internal.NoJtaPlatform]
2022-03-11 13:48:40,484 INFO org.springframework.orm.jpa.AbstractEntityManagerFactoryBean [restartedMain] []: Initialized JPA EntityManagerFactory for persistence unit 'default'
2022-03-11 13:48:41,515 WARN org.springframework.boot.autoconfigure.orm.jpa.JpaBaseConfiguration$JpaWebConfiguration [restartedMain] []: spring.jpa.open-in-view is enabled by default. Therefore, database queries may be performed during view rendering. Explicitly configure spring.jpa.open-in-view to disable this warning
2022-03-11 13:48:41,690 INFO springfox.documentation.spring.web.PropertySourcedRequestMappingHandlerMapping [restartedMain] []: Mapped URL path [/v2/api-docs] onto method [springfox.documentation.swagger2.web.Swagger2Controller#getDocumentation(String, HttpServletRequest)]
2022-03-11 13:48:41,840 INFO org.springframework.boot.devtools.autoconfigure.OptionalLiveReloadServer [restartedMain] []: LiveReload server is running on port 35729
2022-03-11 13:48:42,072 INFO org.apache.juli.logging.DirectJDKLog [restartedMain] []: Starting ProtocolHandler ["http-nio-8080"]
2022-03-11 13:48:42,094 INFO org.springframework.boot.web.embedded.tomcat.TomcatWebServer [restartedMain] []: Tomcat started on port(s): 8080 (http) with context path ''
2022-03-11 13:48:42,096 INFO springfox.documentation.spring.web.plugins.DocumentationPluginsBootstrapper [restartedMain] []: Context refreshed
2022-03-11 13:48:42,118 INFO springfox.documentation.spring.web.plugins.DocumentationPluginsBootstrapper [restartedMain] []: Found 1 custom documentation plugin(s)
2022-03-11 13:48:42,149 INFO springfox.documentation.spring.web.scanners.ApiListingReferenceScanner [restartedMain] []: Scanning for api listing references
2022-03-11 13:48:42,334 INFO springfox.documentation.spring.web.readers.operation.CachingOperationNameGenerator [restartedMain] []: Generating unique operation named: createCategoryUsingPOST_1
2022-03-11 13:48:42,629 INFO org.springframework.boot.StartupInfoLogger [restartedMain] []: Started QuizServiceApplication in 8.34 seconds (JVM running for 9.324)
2022-03-11 13:50:33,023 INFO org.apache.juli.logging.DirectJDKLog [http-nio-8080-exec-2] []: Initializing Spring DispatcherServlet 'dispatcherServlet'
2022-03-11 13:50:33,023 INFO org.springframework.web.servlet.FrameworkServlet [http-nio-8080-exec-2] []: Initializing Servlet 'dispatcherServlet'
2022-03-11 13:50:33,024 INFO org.springframework.web.servlet.FrameworkServlet [http-nio-8080-exec-2] []: Completed initialization in 1 ms
2022-03-11 13:50:33,137 INFO com.quiz.service.QuesTionService [http-nio-8080-exec-2] []: Receive info of question 6+2 to edit
2022-03-11 13:50:57,442 INFO org.springframework.orm.jpa.AbstractEntityManagerFactoryBean [SpringApplicationShutdownHook] []: Closing JPA EntityManagerFactory for persistence unit 'default'
2022-03-11 13:50:57,445 INFO com.zaxxer.hikari.HikariDataSource [SpringApplicationShutdownHook] []: HikariPool-1 - Shutdown initiated...
2022-03-11 13:50:57,452 INFO com.zaxxer.hikari.HikariDataSource [SpringApplicationShutdownHook] []: HikariPool-1 - Shutdown completed.
2022-03-11 13:51:03,637 INFO org.hibernate.validator.internal.util.Version [background-preinit] []: HV000001: Hibernate Validator 6.2.0.Final
2022-03-11 13:51:03,640 INFO org.springframework.boot.StartupInfoLogger [restartedMain] []: Starting QuizServiceApplication using Java 11.0.11 on LAPTOP-BP05I3UL with PID 4896 (C:\Users\hieu0\OneDrive\Máy tính\quiz-service\quiz-service\target\classes started by hieu0 in C:\Users\hieu0\OneDrive\Máy tính\quiz-service\quiz-service)
2022-03-11 13:51:03,641 INFO org.springframework.boot.SpringApplication [restartedMain] []: No active profile set, falling back to default profiles: default
2022-03-11 13:51:03,695 INFO org.springframework.boot.logging.DeferredLog [restartedMain] []: Devtools property defaults active! Set 'spring.devtools.add-properties' to 'false' to disable
2022-03-11 13:51:03,696 INFO org.springframework.boot.logging.DeferredLog [restartedMain] []: For additional web related logging consider setting the 'logging.level.web' property to 'DEBUG'
2022-03-11 13:51:04,780 INFO org.springframework.data.repository.config.RepositoryConfigurationDelegate [restartedMain] []: Bootstrapping Spring Data JPA repositories in DEFAULT mode.
2022-03-11 13:51:04,902 INFO org.springframework.data.repository.config.RepositoryConfigurationDelegate [restartedMain] []: Finished Spring Data repository scanning in 110 ms. Found 7 JPA repository interfaces.
2022-03-11 13:51:06,011 INFO org.springframework.boot.web.embedded.tomcat.TomcatWebServer [restartedMain] []: Tomcat initialized with port(s): 8080 (http)
2022-03-11 13:51:06,023 INFO org.apache.juli.logging.DirectJDKLog [restartedMain] []: Initializing ProtocolHandler ["http-nio-8080"]
2022-03-11 13:51:06,023 INFO org.apache.juli.logging.DirectJDKLog [restartedMain] []: Starting service [Tomcat]
2022-03-11 13:51:06,024 INFO org.apache.juli.logging.DirectJDKLog [restartedMain] []: Starting Servlet engine: [Apache Tomcat/9.0.54]
2022-03-11 13:51:06,129 INFO org.apache.juli.logging.DirectJDKLog [restartedMain] []: Initializing Spring embedded WebApplicationContext
2022-03-11 13:51:06,130 INFO org.springframework.boot.web.servlet.context.ServletWebServerApplicationContext [restartedMain] []: Root WebApplicationContext: initialization completed in 2434 ms
2022-03-11 13:51:06,315 INFO org.hibernate.jpa.internal.util.LogHelper [restartedMain] []: HHH000204: Processing PersistenceUnitInfo [name: default]
2022-03-11 13:51:06,377 INFO org.hibernate.Version [restartedMain] []: HHH000412: Hibernate ORM core version 5.4.32.Final
2022-03-11 13:51:06,541 INFO org.hibernate.annotations.common.reflection.java.JavaReflectionManager [restartedMain] []: HCANN000001: Hibernate Commons Annotations {5.1.2.Final}
2022-03-11 13:51:06,661 INFO com.zaxxer.hikari.HikariDataSource [restartedMain] []: HikariPool-1 - Starting...
2022-03-11 13:51:06,896 INFO com.zaxxer.hikari.HikariDataSource [restartedMain] []: HikariPool-1 - Start completed.
2022-03-11 13:51:06,914 INFO org.hibernate.dialect.Dialect [restartedMain] []: HHH000400: Using dialect: org.hibernate.dialect.PostgreSQLDialect
2022-03-11 13:51:08,543 INFO org.hibernate.engine.transaction.jta.platform.internal.JtaPlatformInitiator [restartedMain] []: HHH000490: Using JtaPlatform implementation: [org.hibernate.engine.transaction.jta.platform.internal.NoJtaPlatform]
2022-03-11 13:51:08,553 INFO org.springframework.orm.jpa.AbstractEntityManagerFactoryBean [restartedMain] []: Initialized JPA EntityManagerFactory for persistence unit 'default'
2022-03-11 13:51:09,449 WARN org.springframework.boot.autoconfigure.orm.jpa.JpaBaseConfiguration$JpaWebConfiguration [restartedMain] []: spring.jpa.open-in-view is enabled by default. Therefore, database queries may be performed during view rendering. Explicitly configure spring.jpa.open-in-view to disable this warning
2022-03-11 13:51:09,613 INFO springfox.documentation.spring.web.PropertySourcedRequestMappingHandlerMapping [restartedMain] []: Mapped URL path [/v2/api-docs] onto method [springfox.documentation.swagger2.web.Swagger2Controller#getDocumentation(String, HttpServletRequest)]
2022-03-11 13:51:09,753 INFO org.springframework.boot.devtools.autoconfigure.OptionalLiveReloadServer [restartedMain] []: LiveReload server is running on port 35729
2022-03-11 13:51:09,958 INFO org.apache.juli.logging.DirectJDKLog [restartedMain] []: Starting ProtocolHandler ["http-nio-8080"]
2022-03-11 13:51:09,983 INFO org.springframework.boot.web.embedded.tomcat.TomcatWebServer [restartedMain] []: Tomcat started on port(s): 8080 (http) with context path ''
2022-03-11 13:51:09,985 INFO springfox.documentation.spring.web.plugins.DocumentationPluginsBootstrapper [restartedMain] []: Context refreshed
2022-03-11 13:51:10,003 INFO springfox.documentation.spring.web.plugins.DocumentationPluginsBootstrapper [restartedMain] []: Found 1 custom documentation plugin(s)
2022-03-11 13:51:10,031 INFO springfox.documentation.spring.web.scanners.ApiListingReferenceScanner [restartedMain] []: Scanning for api listing references
2022-03-11 13:51:10,203 INFO springfox.documentation.spring.web.readers.operation.CachingOperationNameGenerator [restartedMain] []: Generating unique operation named: createCategoryUsingPOST_1
2022-03-11 13:51:10,478 INFO org.springframework.boot.StartupInfoLogger [restartedMain] []: Started QuizServiceApplication in 7.362 seconds (JVM running for 8.236)
2022-03-11 13:52:04,906 INFO org.apache.juli.logging.DirectJDKLog [http-nio-8080-exec-1] []: Initializing Spring DispatcherServlet 'dispatcherServlet'
2022-03-11 13:52:04,906 INFO org.springframework.web.servlet.FrameworkServlet [http-nio-8080-exec-1] []: Initializing Servlet 'dispatcherServlet'
2022-03-11 13:52:04,908 INFO org.springframework.web.servlet.FrameworkServlet [http-nio-8080-exec-1] []: Completed initialization in 1 ms
2022-03-11 13:52:05,138 WARN org.springframework.web.servlet.handler.AbstractHandlerExceptionResolver [http-nio-8080-exec-1] []: Resolved [com.quiz.exception.ResourceForbiddenRequestException: 80913@You can't access ]
2022-03-11 13:53:03,756 INFO org.springframework.orm.jpa.AbstractEntityManagerFactoryBean [SpringApplicationShutdownHook] []: Closing JPA EntityManagerFactory for persistence unit 'default'
2022-03-11 13:53:03,762 INFO com.zaxxer.hikari.HikariDataSource [SpringApplicationShutdownHook] []: HikariPool-1 - Shutdown initiated...
2022-03-11 13:53:03,776 INFO com.zaxxer.hikari.HikariDataSource [SpringApplicationShutdownHook] []: HikariPool-1 - Shutdown completed.
